Using CUDA: NVIDIA GeForce RTX 5080

Original head: Linear(in_features=1408, out_features=1000, bias=True)
Modified head: Linear(in_features=1408, out_features=101, bias=True)

Train transform:
Compose(
      RandomResizedCrop(size=(288, 288), scale=(0.75, 1.0), ratio=(0.75, 1.3333333333333333), interpolation=InterpolationMode.BILINEAR, antialias=True)
      RandomHorizontalFlip(p=0.5)
      ColorJitter(brightness=(0.8, 1.2), contrast=(0.8, 1.2), saturation=(0.8, 1.2), hue=(-0.05, 0.05))
      RandomRotation(degrees=[-15.0, 15.0], interpolation=InterpolationMode.NEAREST, expand=False, fill=0)
      ToImage()
      ToDtype(scale=True)
      Normalize(mean=[0.485, 0.456, 0.406], std=[0.229, 0.224, 0.225], inplace=False)
)

Test transform:
Compose(
      Resize(size=[304], interpolation=InterpolationMode.BILINEAR, antialias=True)
      CenterCrop(size=(288, 288))
      ToImage()
      ToDtype(scale=True)
      Normalize(mean=[0.485, 0.456, 0.406], std=[0.229, 0.224, 0.225], inplace=False)
)

Classes: 101 | e.g. ['apple_pie', 'baby_back_ribs', 'baklava', 'beef_carpaccio', 'beef_tartare'] … ['tiramisu', 'tuna_tartare', 'waffles']
Train batches : 2,368  (75,750 images)
Test  batches : 790  (25,250 images)

── EfficientNet-B2 — 101-class head ──
============================================================================================================================================
Layer (type (var_name))                                      Input Shape          Output Shape         Param #              Trainable
============================================================================================================================================
EfficientNet (EfficientNet)                                  [1, 3, 288, 288]     [1, 101]             --                   Partial
├─Sequential (features)                                      [1, 3, 288, 288]     [1, 1408, 9, 9]      --                   False
│    └─Conv2dNormActivation (0)                              [1, 3, 288, 288]     [1, 32, 144, 144]    --                   False
│    │    └─Conv2d (0)                                       [1, 3, 288, 288]     [1, 32, 144, 144]    (864)                False
│    │    └─BatchNorm2d (1)                                  [1, 32, 144, 144]    [1, 32, 144, 144]    (64)                 False
│    │    └─SiLU (2)                                         [1, 32, 144, 144]    [1, 32, 144, 144]    --                   --
│    └─Sequential (1)                                        [1, 32, 144, 144]    [1, 16, 144, 144]    --                   False
│    │    └─MBConv (0)                                       [1, 32, 144, 144]    [1, 16, 144, 144]    (1,448)              False
│    │    └─MBConv (1)                                       [1, 16, 144, 144]    [1, 16, 144, 144]    (612)                False
│    └─Sequential (2)                                        [1, 16, 144, 144]    [1, 24, 72, 72]      --                   False
│    │    └─MBConv (0)                                       [1, 16, 144, 144]    [1, 24, 72, 72]      (6,004)              False
│    │    └─MBConv (1)                                       [1, 24, 72, 72]      [1, 24, 72, 72]      (10,710)             False
│    │    └─MBConv (2)                                       [1, 24, 72, 72]      [1, 24, 72, 72]      (10,710)             False
│    └─Sequential (3)                                        [1, 24, 72, 72]      [1, 48, 36, 36]      --                   False
│    │    └─MBConv (0)                                       [1, 24, 72, 72]      [1, 48, 36, 36]      (16,518)             False
│    │    └─MBConv (1)                                       [1, 48, 36, 36]      [1, 48, 36, 36]      (43,308)             False
│    │    └─MBConv (2)                                       [1, 48, 36, 36]      [1, 48, 36, 36]      (43,308)             False
│    └─Sequential (4)                                        [1, 48, 36, 36]      [1, 88, 18, 18]      --                   False
│    │    └─MBConv (0)                                       [1, 48, 36, 36]      [1, 88, 18, 18]      (50,300)             False
│    │    └─MBConv (1)                                       [1, 88, 18, 18]      [1, 88, 18, 18]      (123,750)            False
│    │    └─MBConv (2)                                       [1, 88, 18, 18]      [1, 88, 18, 18]      (123,750)            False
│    │    └─MBConv (3)                                       [1, 88, 18, 18]      [1, 88, 18, 18]      (123,750)            False
│    └─Sequential (5)                                        [1, 88, 18, 18]      [1, 120, 18, 18]     --                   False
│    │    └─MBConv (0)                                       [1, 88, 18, 18]      [1, 120, 18, 18]     (149,158)            False
│    │    └─MBConv (1)                                       [1, 120, 18, 18]     [1, 120, 18, 18]     (237,870)            False
│    │    └─MBConv (2)                                       [1, 120, 18, 18]     [1, 120, 18, 18]     (237,870)            False
│    │    └─MBConv (3)                                       [1, 120, 18, 18]     [1, 120, 18, 18]     (237,870)            False
│    └─Sequential (6)                                        [1, 120, 18, 18]     [1, 208, 9, 9]       --                   False
│    │    └─MBConv (0)                                       [1, 120, 18, 18]     [1, 208, 9, 9]       (301,406)            False
│    │    └─MBConv (1)                                       [1, 208, 9, 9]       [1, 208, 9, 9]       (686,868)            False
│    │    └─MBConv (2)                                       [1, 208, 9, 9]       [1, 208, 9, 9]       (686,868)            False
│    │    └─MBConv (3)                                       [1, 208, 9, 9]       [1, 208, 9, 9]       (686,868)            False
│    │    └─MBConv (4)                                       [1, 208, 9, 9]       [1, 208, 9, 9]       (686,868)            False
│    └─Sequential (7)                                        [1, 208, 9, 9]       [1, 352, 9, 9]       --                   False
│    │    └─MBConv (0)                                       [1, 208, 9, 9]       [1, 352, 9, 9]       (846,900)            False
│    │    └─MBConv (1)                                       [1, 352, 9, 9]       [1, 352, 9, 9]       (1,888,920)          False
│    └─Conv2dNormActivation (8)                              [1, 352, 9, 9]       [1, 1408, 9, 9]      --                   False
│    │    └─Conv2d (0)                                       [1, 352, 9, 9]       [1, 1408, 9, 9]      (495,616)            False
│    │    └─BatchNorm2d (1)                                  [1, 1408, 9, 9]      [1, 1408, 9, 9]      (2,816)              False
│    │    └─SiLU (2)                                         [1, 1408, 9, 9]      [1, 1408, 9, 9]      --                   --
├─AdaptiveAvgPool2d (avgpool)                                [1, 1408, 9, 9]      [1, 1408, 1, 1]      --                   --
├─Sequential (classifier)                                    [1, 1408]            [1, 101]             --                   True
│    └─Dropout (0)                                           [1, 1408]            [1, 1408]            --                   --
│    └─Linear (1)                                            [1, 1408]            [1, 101]             142,309              True
============================================================================================================================================
Total params: 7,843,303
Trainable params: 142,309
Non-trainable params: 7,700,994
Total mult-adds (Units.GIGABYTES): 1.09
============================================================================================================================================
Input size (MB): 1.00
Forward/backward pass size (MB): 259.12
Params size (MB): 31.37
Estimated Total Size (MB): 291.49
============================================================================================================================================

Total parameters  : 7,843,303
All params trainable after backbone unfreeze: 7,843,303
Trainable params  : 7,843,303  (full model — backbone + head)
Classifier dropout set to 0.4

TensorBoard logs → lessons/section11_pytorch_model_deployment/runs/food101_effnetb2_mixup/2026-07-04_13-15-17

Fine-tuning EfficientNet-B2 on Food-101 for 10 epochs on cuda…
Epochs:   0%|          | 0/10 [00:00<?, ?it/s]Epoch 1/10
Train loss: 2.64291 | Train accuracy: 55.07%
Epochs:  10%|█         | 1/10 [03:18<29:48, 198.75s/it]
Test loss: 1.44974, Test accuracy: 81.65%

Epoch 0 metrics:
Train loss: 2.64291, Train accuracy: 55.0728%
Test loss: 1.44974, Test accuracy: 81.6535%
--------------------------------
Epoch 2/10
Epochs:  10%|█         | 1/10 [05:11<46:39, 311.01s/it]
Traceback (most recent call last):
  File "/home/donghancheng85/gitrepo/hancheng_deep_learning_fun_repo/lessons/section11_pytorch_model_deployment/food101_effnetb2/food101_effnetb2_training.py", line 306, in <module>
    epoch_train_loss += loss.item()
                        ^^^^^^^^^^^
torch.AcceleratorError: CUDA error: an illegal memory access was encountered
Search for `cudaErrorIllegalAddress' in https://docs.nvidia.com/cuda/cuda-runtime-api/group__CUDART__TYPES.html for more information.
CUDA kernel errors might be asynchronously reported at some other API call, so the stacktrace below might be incorrect.
For debugging consider passing CUDA_LAUNCH_BLOCKING=1
Compile with `TORCH_USE_CUDA_DSA` to enable device-side assertions.

