Using CUDA: NVIDIA GeForce RTX 5080

Original head: Linear(in_features=1408, out_features=1000, bias=True)
Modified head: Linear(in_features=1408, out_features=101, bias=True)

Train transform:
Compose(
      RandomResizedCrop(size=(288, 288), scale=(0.75, 1.0), ratio=(0.75, 1.3333333333333333), interpolation=InterpolationMode.BILINEAR, antialias=True)
      RandomHorizontalFlip(p=0.5)
      ColorJitter(brightness=(0.8, 1.2), contrast=(0.8, 1.2), saturation=(0.8, 1.2), hue=(-0.05, 0.05))
      RandomRotation(degrees=[-15.0, 15.0], interpolation=InterpolationMode.NEAREST, expand=False, fill=0)
      ToImage()
      ToDtype(scale=True)
      Normalize(mean=[0.485, 0.456, 0.406], std=[0.229, 0.224, 0.225], inplace=False)
)

Test transform:
Compose(
      Resize(size=[304], interpolation=InterpolationMode.BILINEAR, antialias=True)
      CenterCrop(size=(288, 288))
      ToImage()
      ToDtype(scale=True)
      Normalize(mean=[0.485, 0.456, 0.406], std=[0.229, 0.224, 0.225], inplace=False)
)

Classes: 101 | e.g. ['apple_pie', 'baby_back_ribs', 'baklava', 'beef_carpaccio', 'beef_tartare'] … ['tiramisu', 'tuna_tartare', 'waffles']
Train batches : 2,368  (75,750 images)
Test  batches : 790  (25,250 images)

── EfficientNet-B2 — 101-class head ──
============================================================================================================================================
Layer (type (var_name))                                      Input Shape          Output Shape         Param #              Trainable
============================================================================================================================================
EfficientNet (EfficientNet)                                  [1, 3, 288, 288]     [1, 101]             --                   Partial
├─Sequential (features)                                      [1, 3, 288, 288]     [1, 1408, 9, 9]      --                   False
│    └─Conv2dNormActivation (0)                              [1, 3, 288, 288]     [1, 32, 144, 144]    --                   False
│    │    └─Conv2d (0)                                       [1, 3, 288, 288]     [1, 32, 144, 144]    (864)                False
│    │    └─BatchNorm2d (1)                                  [1, 32, 144, 144]    [1, 32, 144, 144]    (64)                 False
│    │    └─SiLU (2)                                         [1, 32, 144, 144]    [1, 32, 144, 144]    --                   --
│    └─Sequential (1)                                        [1, 32, 144, 144]    [1, 16, 144, 144]    --                   False
│    │    └─MBConv (0)                                       [1, 32, 144, 144]    [1, 16, 144, 144]    (1,448)              False
│    │    └─MBConv (1)                                       [1, 16, 144, 144]    [1, 16, 144, 144]    (612)                False
│    └─Sequential (2)                                        [1, 16, 144, 144]    [1, 24, 72, 72]      --                   False
│    │    └─MBConv (0)                                       [1, 16, 144, 144]    [1, 24, 72, 72]      (6,004)              False
│    │    └─MBConv (1)                                       [1, 24, 72, 72]      [1, 24, 72, 72]      (10,710)             False
│    │    └─MBConv (2)                                       [1, 24, 72, 72]      [1, 24, 72, 72]      (10,710)             False
│    └─Sequential (3)                                        [1, 24, 72, 72]      [1, 48, 36, 36]      --                   False
│    │    └─MBConv (0)                                       [1, 24, 72, 72]      [1, 48, 36, 36]      (16,518)             False
│    │    └─MBConv (1)                                       [1, 48, 36, 36]      [1, 48, 36, 36]      (43,308)             False
│    │    └─MBConv (2)                                       [1, 48, 36, 36]      [1, 48, 36, 36]      (43,308)             False
│    └─Sequential (4)                                        [1, 48, 36, 36]      [1, 88, 18, 18]      --                   False
│    │    └─MBConv (0)                                       [1, 48, 36, 36]      [1, 88, 18, 18]      (50,300)             False
│    │    └─MBConv (1)                                       [1, 88, 18, 18]      [1, 88, 18, 18]      (123,750)            False
│    │    └─MBConv (2)                                       [1, 88, 18, 18]      [1, 88, 18, 18]      (123,750)            False
│    │    └─MBConv (3)                                       [1, 88, 18, 18]      [1, 88, 18, 18]      (123,750)            False
│    └─Sequential (5)                                        [1, 88, 18, 18]      [1, 120, 18, 18]     --                   False
│    │    └─MBConv (0)                                       [1, 88, 18, 18]      [1, 120, 18, 18]     (149,158)            False
│    │    └─MBConv (1)                                       [1, 120, 18, 18]     [1, 120, 18, 18]     (237,870)            False
│    │    └─MBConv (2)                                       [1, 120, 18, 18]     [1, 120, 18, 18]     (237,870)            False
│    │    └─MBConv (3)                                       [1, 120, 18, 18]     [1, 120, 18, 18]     (237,870)            False
│    └─Sequential (6)                                        [1, 120, 18, 18]     [1, 208, 9, 9]       --                   False
│    │    └─MBConv (0)                                       [1, 120, 18, 18]     [1, 208, 9, 9]       (301,406)            False
│    │    └─MBConv (1)                                       [1, 208, 9, 9]       [1, 208, 9, 9]       (686,868)            False
│    │    └─MBConv (2)                                       [1, 208, 9, 9]       [1, 208, 9, 9]       (686,868)            False
│    │    └─MBConv (3)                                       [1, 208, 9, 9]       [1, 208, 9, 9]       (686,868)            False
│    │    └─MBConv (4)                                       [1, 208, 9, 9]       [1, 208, 9, 9]       (686,868)            False
│    └─Sequential (7)                                        [1, 208, 9, 9]       [1, 352, 9, 9]       --                   False
│    │    └─MBConv (0)                                       [1, 208, 9, 9]       [1, 352, 9, 9]       (846,900)            False
│    │    └─MBConv (1)                                       [1, 352, 9, 9]       [1, 352, 9, 9]       (1,888,920)          False
│    └─Conv2dNormActivation (8)                              [1, 352, 9, 9]       [1, 1408, 9, 9]      --                   False
│    │    └─Conv2d (0)                                       [1, 352, 9, 9]       [1, 1408, 9, 9]      (495,616)            False
│    │    └─BatchNorm2d (1)                                  [1, 1408, 9, 9]      [1, 1408, 9, 9]      (2,816)              False
│    │    └─SiLU (2)                                         [1, 1408, 9, 9]      [1, 1408, 9, 9]      --                   --
├─AdaptiveAvgPool2d (avgpool)                                [1, 1408, 9, 9]      [1, 1408, 1, 1]      --                   --
├─Sequential (classifier)                                    [1, 1408]            [1, 101]             --                   True
│    └─Dropout (0)                                           [1, 1408]            [1, 1408]            --                   --
│    └─Linear (1)                                            [1, 1408]            [1, 101]             142,309              True
============================================================================================================================================
Total params: 7,843,303
Trainable params: 142,309
Non-trainable params: 7,700,994
Total mult-adds (Units.GIGABYTES): 1.09
============================================================================================================================================
Input size (MB): 1.00
Forward/backward pass size (MB): 259.12
Params size (MB): 31.37
Estimated Total Size (MB): 291.49
============================================================================================================================================

Total parameters  : 7,843,303
All params trainable after backbone unfreeze: 7,843,303
Trainable params  : 7,843,303  (full model — backbone + head)
Classifier dropout set to 0.4

TensorBoard logs → lessons/section11_pytorch_model_deployment/runs/food101_effnetb2_mixup/2026-07-04_13-26-24

Fine-tuning EfficientNet-B2 on Food-101 for 10 epochs on cuda…
Epochs:   0%|          | 0/10 [00:00<?, ?it/s]Epoch 1/10
Train loss: 2.64290 | Train accuracy: 55.07%
Epochs:  10%|█         | 1/10 [03:28<31:13, 208.14s/it]
Test loss: 1.44974, Test accuracy: 81.65%

Epoch 0 metrics:
Train loss: 2.64290, Train accuracy: 55.0676%
Test loss: 1.44974, Test accuracy: 81.6535%
--------------------------------
Epoch 2/10
Train loss: 2.21894 | Train accuracy: 68.50%
Epochs:  20%|██        | 2/10 [06:48<27:08, 203.56s/it]
Test loss: 1.41069, Test accuracy: 83.90%

Epoch 1 metrics:
Train loss: 2.21894, Train accuracy: 68.4953%
Test loss: 1.41069, Test accuracy: 83.8964%
--------------------------------
Epoch 3/10
Train loss: 2.06039 | Train accuracy: 73.25%
Epochs:  30%|███       | 3/10 [10:10<23:39, 202.80s/it]
Test loss: 1.32560, Test accuracy: 85.49%

Epoch 2 metrics:
Train loss: 2.06039, Train accuracy: 73.2541%
Test loss: 1.32560, Test accuracy: 85.4905%
--------------------------------
Epoch 4/10
Train loss: 1.98966 | Train accuracy: 76.03%
Epochs:  40%|████      | 4/10 [13:32<20:15, 202.65s/it]
Test loss: 1.26379, Test accuracy: 86.70%

Epoch 3 metrics:
Train loss: 1.98966, Train accuracy: 76.0263%
Test loss: 1.26379, Test accuracy: 86.6970%
--------------------------------
Epoch 5/10
Train loss: 1.90177 | Train accuracy: 78.50%
Epochs:  50%|█████     | 5/10 [16:54<16:51, 202.34s/it]
Test loss: 1.29442, Test accuracy: 87.41%

Epoch 4 metrics:
Train loss: 1.90177, Train accuracy: 78.5011%
Test loss: 1.29442, Test accuracy: 87.4130%
--------------------------------
Epoch 6/10
Train loss: 1.83590 | Train accuracy: 80.86%
Epochs:  60%|██████    | 6/10 [20:16<13:28, 202.04s/it]
Test loss: 1.28503, Test accuracy: 87.58%

Epoch 5 metrics:
Train loss: 1.83590, Train accuracy: 80.8629%
Test loss: 1.28503, Test accuracy: 87.5752%
--------------------------------
Epoch 7/10
Train loss: 1.78265 | Train accuracy: 82.39%
Epochs:  70%|███████   | 7/10 [23:35<10:03, 201.10s/it]
Test loss: 1.25478, Test accuracy: 88.30%

Epoch 6 metrics:
Train loss: 1.78265, Train accuracy: 82.3911%
Test loss: 1.25478, Test accuracy: 88.2991%
--------------------------------
Epoch 8/10
Train loss: 1.77729 | Train accuracy: 83.45%
Epochs:  80%|████████  | 8/10 [26:58<06:43, 201.81s/it]
Test loss: 1.22131, Test accuracy: 88.42%

Epoch 7 metrics:
Train loss: 1.77729, Train accuracy: 83.4512%
Test loss: 1.22131, Test accuracy: 88.4217%
--------------------------------
Epoch 9/10
Train loss: 1.72765 | Train accuracy: 84.67%
Epochs:  90%|█████████ | 9/10 [30:19<03:21, 201.66s/it]
Test loss: 1.25506, Test accuracy: 88.58%

Epoch 8 metrics:
Train loss: 1.72765, Train accuracy: 84.6702%
Test loss: 1.25506, Test accuracy: 88.5759%
--------------------------------
Epoch 10/10
Train loss: 1.73970 | Train accuracy: 84.53%
Epochs: 100%|██████████| 10/10 [33:40<00:00, 201.33s/it]Epochs: 100%|██████████| 10/10 [33:40<00:00, 202.05s/it]

Test loss: 1.22905, Test accuracy: 88.74%

Epoch 9 metrics:
Train loss: 1.73970, Train accuracy: 84.5347%
Test loss: 1.22905, Test accuracy: 88.7381%
--------------------------------

Training time: 2020.48s (33.67 min | 202.05s/epoch)

Model saved → lessons/section11_pytorch_model_deployment/models/food101_effnetb2/effnet_b2_food101_mixup_2026-07-04_14-00-05.pth

── Final Model Statistics ──
  Train loss      : 1.73970
  Train accuracy  : 84.53%
  Test  loss      : 1.22905
  Test  accuracy  : 88.74%
  Total params    : 7,843,303
  Trainable params: 7,843,303
  Model size      : 30.37 MB
