Using CUDA: NVIDIA GeForce RTX 5080

Pretrained transform: ImageClassification(
    crop_size=[224]
    resize_size=[256]
    mean=[0.485, 0.456, 0.406]
    std=[0.229, 0.224, 0.225]
    interpolation=InterpolationMode.BILINEAR
)
Class names: ['pizza', 'steak', 'sushi']
Train batches: 8 | Test batches: 3

── Original pretrained ViT-B/16 structure ──
============================================================================================================================================
Layer (type (var_name))                                      Input Shape          Output Shape         Param #              Trainable
============================================================================================================================================
VisionTransformer (VisionTransformer)                        [32, 3, 224, 224]    [32, 1000]           768                  True
├─Conv2d (conv_proj)                                         [32, 3, 224, 224]    [32, 768, 14, 14]    590,592              True
├─Encoder (encoder)                                          [32, 197, 768]       [32, 197, 768]       151,296              True
│    └─Dropout (dropout)                                     [32, 197, 768]       [32, 197, 768]       --                   --
│    └─Sequential (layers)                                   [32, 197, 768]       [32, 197, 768]       --                   True
│    │    └─EncoderBlock (encoder_layer_0)                   [32, 197, 768]       [32, 197, 768]       7,087,872            True
│    │    └─EncoderBlock (encoder_layer_1)                   [32, 197, 768]       [32, 197, 768]       7,087,872            True
│    │    └─EncoderBlock (encoder_layer_2)                   [32, 197, 768]       [32, 197, 768]       7,087,872            True
│    │    └─EncoderBlock (encoder_layer_3)                   [32, 197, 768]       [32, 197, 768]       7,087,872            True
│    │    └─EncoderBlock (encoder_layer_4)                   [32, 197, 768]       [32, 197, 768]       7,087,872            True
│    │    └─EncoderBlock (encoder_layer_5)                   [32, 197, 768]       [32, 197, 768]       7,087,872            True
│    │    └─EncoderBlock (encoder_layer_6)                   [32, 197, 768]       [32, 197, 768]       7,087,872            True
│    │    └─EncoderBlock (encoder_layer_7)                   [32, 197, 768]       [32, 197, 768]       7,087,872            True
│    │    └─EncoderBlock (encoder_layer_8)                   [32, 197, 768]       [32, 197, 768]       7,087,872            True
│    │    └─EncoderBlock (encoder_layer_9)                   [32, 197, 768]       [32, 197, 768]       7,087,872            True
│    │    └─EncoderBlock (encoder_layer_10)                  [32, 197, 768]       [32, 197, 768]       7,087,872            True
│    │    └─EncoderBlock (encoder_layer_11)                  [32, 197, 768]       [32, 197, 768]       7,087,872            True
│    └─LayerNorm (ln)                                        [32, 197, 768]       [32, 197, 768]       1,536                True
├─Sequential (heads)                                         [32, 768]            [32, 1000]           --                   True
│    └─Linear (head)                                         [32, 768]            [32, 1000]           769,000              True
============================================================================================================================================
Total params: 86,567,656
Trainable params: 86,567,656
Non-trainable params: 0
Total mult-adds (Units.GIGABYTES): 5.54
============================================================================================================================================
Input size (MB): 19.27
Forward/backward pass size (MB): 3330.99
Params size (MB): 232.27
Estimated Total Size (MB): 3582.53
============================================================================================================================================

── Updated ViT-B/16 with 3-class head ──
============================================================================================================================================
Layer (type (var_name))                                      Input Shape          Output Shape         Param #              Trainable
============================================================================================================================================
VisionTransformer (VisionTransformer)                        [32, 3, 224, 224]    [32, 3]              768                  Partial
├─Conv2d (conv_proj)                                         [32, 3, 224, 224]    [32, 768, 14, 14]    (590,592)            False
├─Encoder (encoder)                                          [32, 197, 768]       [32, 197, 768]       151,296              False
│    └─Dropout (dropout)                                     [32, 197, 768]       [32, 197, 768]       --                   --
│    └─Sequential (layers)                                   [32, 197, 768]       [32, 197, 768]       --                   False
│    │    └─EncoderBlock (encoder_layer_0)                   [32, 197, 768]       [32, 197, 768]       (7,087,872)          False
│    │    └─EncoderBlock (encoder_layer_1)                   [32, 197, 768]       [32, 197, 768]       (7,087,872)          False
│    │    └─EncoderBlock (encoder_layer_2)                   [32, 197, 768]       [32, 197, 768]       (7,087,872)          False
│    │    └─EncoderBlock (encoder_layer_3)                   [32, 197, 768]       [32, 197, 768]       (7,087,872)          False
│    │    └─EncoderBlock (encoder_layer_4)                   [32, 197, 768]       [32, 197, 768]       (7,087,872)          False
│    │    └─EncoderBlock (encoder_layer_5)                   [32, 197, 768]       [32, 197, 768]       (7,087,872)          False
│    │    └─EncoderBlock (encoder_layer_6)                   [32, 197, 768]       [32, 197, 768]       (7,087,872)          False
│    │    └─EncoderBlock (encoder_layer_7)                   [32, 197, 768]       [32, 197, 768]       (7,087,872)          False
│    │    └─EncoderBlock (encoder_layer_8)                   [32, 197, 768]       [32, 197, 768]       (7,087,872)          False
│    │    └─EncoderBlock (encoder_layer_9)                   [32, 197, 768]       [32, 197, 768]       (7,087,872)          False
│    │    └─EncoderBlock (encoder_layer_10)                  [32, 197, 768]       [32, 197, 768]       (7,087,872)          False
│    │    └─EncoderBlock (encoder_layer_11)                  [32, 197, 768]       [32, 197, 768]       (7,087,872)          False
│    └─LayerNorm (ln)                                        [32, 197, 768]       [32, 197, 768]       (1,536)              False
├─Sequential (heads)                                         [32, 768]            [32, 3]              --                   True
│    └─Linear (head)                                         [32, 768]            [32, 3]              2,307                True
============================================================================================================================================
Total params: 85,800,963
Trainable params: 2,307
Non-trainable params: 85,798,656
Total mult-adds (Units.GIGABYTES): 5.52
============================================================================================================================================
Input size (MB): 19.27
Forward/backward pass size (MB): 3330.74
Params size (MB): 229.20
Estimated Total Size (MB): 3579.21
============================================================================================================================================

Total parameters  : 85,800,963
Trainable params  : 2,307  (classifier head only)
Frozen params     : 85,798,656  (pretrained backbone)

TensorBoard logs → lessons/section10_pytorch_paper_replicating/runs/ViT_pretrained_2026-06-02_20-16-15

Fine-tuning ViT-B/16 classifier for 10 epochs on cuda...
  0%|          | 0/10 [00:00<?, ?it/s]Epoch 1/10
Train loss: 0.78429 | Train accuracy: 69.53%
 10%|█         | 1/10 [00:00<00:07,  1.19it/s]
Test loss: 0.52335, Test accuracy: 86.74%

Epoch 0 metrics:
Train loss: 0.78429, Train accuracy: 69.5312%
Test loss: 0.52335, Test accuracy: 86.7424%
Epoch 2/10
Train loss: 0.34928 | Train accuracy: 94.53%
 20%|██        | 2/10 [00:01<00:06,  1.23it/s]
Test loss: 0.32018, Test accuracy: 91.86%

Epoch 1 metrics:
Train loss: 0.34928, Train accuracy: 94.5312%
Test loss: 0.32018, Test accuracy: 91.8561%
Epoch 3/10
Train loss: 0.20443 | Train accuracy: 96.48%
 30%|███       | 3/10 [00:02<00:05,  1.25it/s]
Test loss: 0.26502, Test accuracy: 91.86%

Epoch 2 metrics:
Train loss: 0.20443, Train accuracy: 96.4844%
Test loss: 0.26502, Test accuracy: 91.8561%
Epoch 4/10
Train loss: 0.15751 | Train accuracy: 96.48%
 40%|████      | 4/10 [00:03<00:04,  1.27it/s]
Test loss: 0.24048, Test accuracy: 91.86%

Epoch 3 metrics:
Train loss: 0.15751, Train accuracy: 96.4844%
Test loss: 0.24048, Test accuracy: 91.8561%
Epoch 5/10
Train loss: 0.13124 | Train accuracy: 96.48%
 50%|█████     | 5/10 [00:03<00:03,  1.28it/s]
Test loss: 0.23286, Test accuracy: 91.86%

Epoch 4 metrics:
Train loss: 0.13124, Train accuracy: 96.4844%
Test loss: 0.23286, Test accuracy: 91.8561%
Epoch 6/10
Train loss: 0.14249 | Train accuracy: 96.88%
 60%|██████    | 6/10 [00:04<00:03,  1.28it/s]
Test loss: 0.22561, Test accuracy: 91.86%

Epoch 5 metrics:
Train loss: 0.14249, Train accuracy: 96.8750%
Test loss: 0.22561, Test accuracy: 91.8561%
Epoch 7/10
Train loss: 0.11110 | Train accuracy: 97.27%
 70%|███████   | 7/10 [00:05<00:02,  1.29it/s]
Test loss: 0.23638, Test accuracy: 91.86%

Epoch 6 metrics:
Train loss: 0.11110, Train accuracy: 97.2656%
Test loss: 0.23638, Test accuracy: 91.8561%
Epoch 8/10
Train loss: 0.10502 | Train accuracy: 97.66%
 80%|████████  | 8/10 [00:06<00:01,  1.29it/s]
Test loss: 0.23647, Test accuracy: 91.86%

Epoch 7 metrics:
Train loss: 0.10502, Train accuracy: 97.6562%
Test loss: 0.23647, Test accuracy: 91.8561%
Epoch 9/10
Train loss: 0.16038 | Train accuracy: 97.66%
 90%|█████████ | 9/10 [00:07<00:00,  1.29it/s]
Test loss: 0.23379, Test accuracy: 91.86%

Epoch 8 metrics:
Train loss: 0.16038, Train accuracy: 97.6562%
Test loss: 0.23379, Test accuracy: 91.8561%
Epoch 10/10
Train loss: 0.10085 | Train accuracy: 97.66%
100%|██████████| 10/10 [00:07<00:00,  1.29it/s]100%|██████████| 10/10 [00:07<00:00,  1.28it/s]
/home/donghancheng85/gitrepo/hancheng_deep_learning_fun_repo/.venv/lib/python3.12/site-packages/torch/__init__.py:2228: TracerWarning: Converting a tensor to a Python boolean might cause the trace to be incorrect. We can't record the data flow of Python values, so this value will be treated as a constant in the future. This means that the trace might not generalize to other inputs!
  assert condition, message

Test loss: 0.23128, Test accuracy: 91.86%

Epoch 9 metrics:
Train loss: 0.10085, Train accuracy: 97.6562%
Test loss: 0.23128, Test accuracy: 91.8561%

Training time: 8.19s (0.14 min | 0.82s/epoch)

Model saved to: lessons/section10_pytorch_paper_replicating/models/vit_b16_pretrained_pizza_steak_sushi_2026-06-02_20-16-23.pth
