/home/donghancheng85/gitrepo/hancheng_deep_learning_fun_repo/lessons/section10_pytorch_paper_replicating/src/g_pytorch_paper_replicating_exercise_1_transformerencoderblock.py:120: UserWarning: enable_nested_tensor is True, but self.use_nested_tensor is False because encoder_layer.norm_first was True
  self.encoder = nn.TransformerEncoder(
Using CUDA: NVIDIA GeForce RTX 5080

── ViT with nn.TransformerEncoderLayer ──
=======================================================================================================================================
Layer (type (var_name))                                 Input Shape          Output Shape         Param #              Trainable
=======================================================================================================================================
ViT (ViT)                                               [32, 3, 224, 224]    [32, 3]              --                   True
├─PatchEmbedding (patch_embed)                          [32, 3, 224, 224]    [32, 197, 768]       152,064              True
│    └─Conv2d (proj)                                    [32, 3, 224, 224]    [32, 768, 14, 14]    590,592              True
│    └─Flatten (flatten)                                [32, 768, 14, 14]    [32, 768, 196]       --                   --
├─TransformerEncoder (encoder)                          [32, 197, 768]       [32, 197, 768]       --                   True
│    └─ModuleList (layers)                              --                   --                   --                   True
│    │    └─TransformerEncoderLayer (0)                 [32, 197, 768]       [32, 197, 768]       7,087,872            True
│    │    └─TransformerEncoderLayer (1)                 [32, 197, 768]       [32, 197, 768]       7,087,872            True
│    │    └─TransformerEncoderLayer (2)                 [32, 197, 768]       [32, 197, 768]       7,087,872            True
│    │    └─TransformerEncoderLayer (3)                 [32, 197, 768]       [32, 197, 768]       7,087,872            True
│    │    └─TransformerEncoderLayer (4)                 [32, 197, 768]       [32, 197, 768]       7,087,872            True
│    │    └─TransformerEncoderLayer (5)                 [32, 197, 768]       [32, 197, 768]       7,087,872            True
│    │    └─TransformerEncoderLayer (6)                 [32, 197, 768]       [32, 197, 768]       7,087,872            True
│    │    └─TransformerEncoderLayer (7)                 [32, 197, 768]       [32, 197, 768]       7,087,872            True
│    │    └─TransformerEncoderLayer (8)                 [32, 197, 768]       [32, 197, 768]       7,087,872            True
│    │    └─TransformerEncoderLayer (9)                 [32, 197, 768]       [32, 197, 768]       7,087,872            True
│    │    └─TransformerEncoderLayer (10)                [32, 197, 768]       [32, 197, 768]       7,087,872            True
│    │    └─TransformerEncoderLayer (11)                [32, 197, 768]       [32, 197, 768]       7,087,872            True
├─LayerNorm (norm)                                      [32, 768]            [32, 768]            1,536                True
├─Linear (classifier)                                   [32, 768]            [32, 3]              2,307                True
=======================================================================================================================================
Total params: 85,800,963
Trainable params: 85,800,963
Non-trainable params: 0
Total mult-adds (Units.GIGABYTES): 5.52
=======================================================================================================================================
Input size (MB): 19.27
Forward/backward pass size (MB): 3292.20
Params size (MB): 229.20
Estimated Total Size (MB): 3540.67
=======================================================================================================================================

Output shape: torch.Size([1, 3])
Forward pass OK.
