(.venv) donghancheng85@donghancheng85-powerful-pc:~/gitrepo/hancheng_deep_learning_fun_repo$ hancheng_dl_python lessons/section10_pytorch_paper_replicating/exercise/h_pytorch_paper_replicating_exercise_2_train_more_data.py 
Using CUDA: NVIDIA GeForce RTX 5080

Pretrained transform: ImageClassification(
    crop_size=[224]
    resize_size=[256]
    mean=[0.485, 0.456, 0.406]
    std=[0.229, 0.224, 0.225]
    interpolation=InterpolationMode.BILINEAR
)
Class names: ['pizza', 'steak', 'sushi']
Train batches: 15 | Test batches: 5

── Original pretrained ViT-B/16 structure ──
============================================================================================================================================
Layer (type (var_name))                                      Input Shape          Output Shape         Param #              Trainable
============================================================================================================================================
VisionTransformer (VisionTransformer)                        [32, 3, 224, 224]    [32, 1000]           768                  True
├─Conv2d (conv_proj)                                         [32, 3, 224, 224]    [32, 768, 14, 14]    590,592              True
├─Encoder (encoder)                                          [32, 197, 768]       [32, 197, 768]       151,296              True
│    └─Dropout (dropout)                                     [32, 197, 768]       [32, 197, 768]       --                   --
│    └─Sequential (layers)                                   [32, 197, 768]       [32, 197, 768]       --                   True
│    │    └─EncoderBlock (encoder_layer_0)                   [32, 197, 768]       [32, 197, 768]       7,087,872            True
│    │    └─EncoderBlock (encoder_layer_1)                   [32, 197, 768]       [32, 197, 768]       7,087,872            True
│    │    └─EncoderBlock (encoder_layer_2)                   [32, 197, 768]       [32, 197, 768]       7,087,872            True
│    │    └─EncoderBlock (encoder_layer_3)                   [32, 197, 768]       [32, 197, 768]       7,087,872            True
│    │    └─EncoderBlock (encoder_layer_4)                   [32, 197, 768]       [32, 197, 768]       7,087,872            True
│    │    └─EncoderBlock (encoder_layer_5)                   [32, 197, 768]       [32, 197, 768]       7,087,872            True
│    │    └─EncoderBlock (encoder_layer_6)                   [32, 197, 768]       [32, 197, 768]       7,087,872            True
│    │    └─EncoderBlock (encoder_layer_7)                   [32, 197, 768]       [32, 197, 768]       7,087,872            True
│    │    └─EncoderBlock (encoder_layer_8)                   [32, 197, 768]       [32, 197, 768]       7,087,872            True
│    │    └─EncoderBlock (encoder_layer_9)                   [32, 197, 768]       [32, 197, 768]       7,087,872            True
│    │    └─EncoderBlock (encoder_layer_10)                  [32, 197, 768]       [32, 197, 768]       7,087,872            True
│    │    └─EncoderBlock (encoder_layer_11)                  [32, 197, 768]       [32, 197, 768]       7,087,872            True
│    └─LayerNorm (ln)                                        [32, 197, 768]       [32, 197, 768]       1,536                True
├─Sequential (heads)                                         [32, 768]            [32, 1000]           --                   True
│    └─Linear (head)                                         [32, 768]            [32, 1000]           769,000              True
============================================================================================================================================
Total params: 86,567,656
Trainable params: 86,567,656
Non-trainable params: 0
Total mult-adds (Units.GIGABYTES): 5.54
============================================================================================================================================
Input size (MB): 19.27
Forward/backward pass size (MB): 3330.99
Params size (MB): 232.27
Estimated Total Size (MB): 3582.53
============================================================================================================================================

── Updated ViT-B/16 with 3-class head ──
============================================================================================================================================
Layer (type (var_name))                                      Input Shape          Output Shape         Param #              Trainable
============================================================================================================================================
VisionTransformer (VisionTransformer)                        [32, 3, 224, 224]    [32, 3]              768                  Partial
├─Conv2d (conv_proj)                                         [32, 3, 224, 224]    [32, 768, 14, 14]    (590,592)            False
├─Encoder (encoder)                                          [32, 197, 768]       [32, 197, 768]       151,296              False
│    └─Dropout (dropout)                                     [32, 197, 768]       [32, 197, 768]       --                   --
│    └─Sequential (layers)                                   [32, 197, 768]       [32, 197, 768]       --                   False
│    │    └─EncoderBlock (encoder_layer_0)                   [32, 197, 768]       [32, 197, 768]       (7,087,872)          False
│    │    └─EncoderBlock (encoder_layer_1)                   [32, 197, 768]       [32, 197, 768]       (7,087,872)          False
│    │    └─EncoderBlock (encoder_layer_2)                   [32, 197, 768]       [32, 197, 768]       (7,087,872)          False
│    │    └─EncoderBlock (encoder_layer_3)                   [32, 197, 768]       [32, 197, 768]       (7,087,872)          False
│    │    └─EncoderBlock (encoder_layer_4)                   [32, 197, 768]       [32, 197, 768]       (7,087,872)          False
│    │    └─EncoderBlock (encoder_layer_5)                   [32, 197, 768]       [32, 197, 768]       (7,087,872)          False
│    │    └─EncoderBlock (encoder_layer_6)                   [32, 197, 768]       [32, 197, 768]       (7,087,872)          False
│    │    └─EncoderBlock (encoder_layer_7)                   [32, 197, 768]       [32, 197, 768]       (7,087,872)          False
│    │    └─EncoderBlock (encoder_layer_8)                   [32, 197, 768]       [32, 197, 768]       (7,087,872)          False
│    │    └─EncoderBlock (encoder_layer_9)                   [32, 197, 768]       [32, 197, 768]       (7,087,872)          False
│    │    └─EncoderBlock (encoder_layer_10)                  [32, 197, 768]       [32, 197, 768]       (7,087,872)          False
│    │    └─EncoderBlock (encoder_layer_11)                  [32, 197, 768]       [32, 197, 768]       (7,087,872)          False
│    └─LayerNorm (ln)                                        [32, 197, 768]       [32, 197, 768]       (1,536)              False
├─Sequential (heads)                                         [32, 768]            [32, 3]              --                   True
│    └─Linear (head)                                         [32, 768]            [32, 3]              2,307                True
============================================================================================================================================
Total params: 85,800,963
Trainable params: 2,307
Non-trainable params: 85,798,656
Total mult-adds (Units.GIGABYTES): 5.52
============================================================================================================================================
Input size (MB): 19.27
Forward/backward pass size (MB): 3330.74
Params size (MB): 229.20
Estimated Total Size (MB): 3579.21
============================================================================================================================================

Total parameters  : 85,800,963
Trainable params  : 2,307  (classifier head only)
Frozen params     : 85,798,656  (pretrained backbone)

TensorBoard logs → lessons/section10_pytorch_paper_replicating/runs/ViT_pretrained_doubled_data_2026-06-07_11-07-33

Fine-tuning ViT-B/16 classifier for 10 epochs on cuda...
  0%|                                                                                                                           | 0/10 [00:00<?, ?it/s]Epoch 1/10
Train loss: 0.61598 | Train accuracy: 83.75%

Test loss: 0.20988, Test accuracy: 96.88%

Epoch 0 metrics:
Train loss: 0.61598, Train accuracy: 83.7500%
Test loss: 0.20988, Test accuracy: 96.8750%
 10%|███████████▌                                                                                                       | 1/10 [00:01<00:12,  1.44s/it]Epoch 2/10
Train loss: 0.23822 | Train accuracy: 91.88%

Test loss: 0.13272, Test accuracy: 97.50%

Epoch 1 metrics:
Train loss: 0.23822, Train accuracy: 91.8750%
Test loss: 0.13272, Test accuracy: 97.5000%
 20%|███████████████████████                                                                                            | 2/10 [00:02<00:11,  1.40s/it]Epoch 3/10
Train loss: 0.16764 | Train accuracy: 96.04%

Test loss: 0.10635, Test accuracy: 97.50%

Epoch 2 metrics:
Train loss: 0.16764, Train accuracy: 96.0417%
Test loss: 0.10635, Test accuracy: 97.5000%
 30%|██████████████████████████████████▌                                                                                | 3/10 [00:04<00:09,  1.37s/it]Epoch 4/10
Train loss: 0.12324 | Train accuracy: 96.25%

Test loss: 0.09248, Test accuracy: 98.12%

Epoch 3 metrics:
Train loss: 0.12324, Train accuracy: 96.2500%
Test loss: 0.09248, Test accuracy: 98.1250%
 40%|██████████████████████████████████████████████                                                                     | 4/10 [00:05<00:08,  1.36s/it]Epoch 5/10
Train loss: 0.11458 | Train accuracy: 96.88%

Test loss: 0.08439, Test accuracy: 98.12%

Epoch 4 metrics:
Train loss: 0.11458, Train accuracy: 96.8750%
Test loss: 0.08439, Test accuracy: 98.1250%
 50%|█████████████████████████████████████████████████████████▌                                                         | 5/10 [00:06<00:06,  1.36s/it]Epoch 6/10
Train loss: 0.13810 | Train accuracy: 94.17%

Test loss: 0.07771, Test accuracy: 98.75%

Epoch 5 metrics:
Train loss: 0.13810, Train accuracy: 94.1667%
Test loss: 0.07771, Test accuracy: 98.7500%
 60%|█████████████████████████████████████████████████████████████████████                                              | 6/10 [00:08<00:05,  1.35s/it]Epoch 7/10
Train loss: 0.09542 | Train accuracy: 97.29%

Test loss: 0.07703, Test accuracy: 98.12%

Epoch 6 metrics:
Train loss: 0.09542, Train accuracy: 97.2917%
Test loss: 0.07703, Test accuracy: 98.1250%
 70%|████████████████████████████████████████████████████████████████████████████████▌                                  | 7/10 [00:09<00:04,  1.35s/it]Epoch 8/10
Train loss: 0.12585 | Train accuracy: 94.58%

Test loss: 0.07494, Test accuracy: 98.75%

Epoch 7 metrics:
Train loss: 0.12585, Train accuracy: 94.5833%
Test loss: 0.07494, Test accuracy: 98.7500%
 80%|████████████████████████████████████████████████████████████████████████████████████████████                       | 8/10 [00:10<00:02,  1.35s/it]Epoch 9/10
Train loss: 0.09873 | Train accuracy: 97.92%

Test loss: 0.07375, Test accuracy: 98.75%

Epoch 8 metrics:
Train loss: 0.09873, Train accuracy: 97.9167%
Test loss: 0.07375, Test accuracy: 98.7500%
 90%|███████████████████████████████████████████████████████████████████████████████████████████████████████▌           | 9/10 [00:12<00:01,  1.35s/it]Epoch 10/10
Train loss: 0.09616 | Train accuracy: 97.92%

Test loss: 0.07352, Test accuracy: 98.75%

Epoch 9 metrics:
Train loss: 0.09616, Train accuracy: 97.9167%
Test loss: 0.07352, Test accuracy: 98.7500%
100%|██████████████████████████████████████████████████████████████████████████████████████████████████████████████████| 10/10 [00:13<00:00,  1.36s/it]
/home/donghancheng85/gitrepo/hancheng_deep_learning_fun_repo/.venv/lib/python3.12/site-packages/torch/__init__.py:2228: TracerWarning: Converting a tensor to a Python boolean might cause the trace to be incorrect. We can't record the data flow of Python values, so this value will be treated as a constant in the future. This means that the trace might not generalize to other inputs!
  assert condition, message

Training time: 13.93s (0.23 min | 1.39s/epoch)

Model saved to: lessons/section10_pytorch_paper_replicating/models/vit_b16_pretrained_pizza_steak_sushi_data_doubled_2026-06-07_11-07-47.pth
