Using CUDA: NVIDIA GeForce RTX 5080
float32 matmul precision: high

Loading SVHN dataset ...
Train batches: 1145 | Test batches: 407

============================================================
ResNet50 Model Summary
============================================================
============================================================================================================================================
Layer (type:depth-idx)                   Input Shape               Output Shape              Param #                   Trainable
============================================================================================================================================
ResNet                                   [1, 3, 224, 224]          [1, 10]                   --                        True
├─Conv2d: 1-1                            [1, 3, 224, 224]          [1, 64, 112, 112]         9,408                     True
├─BatchNorm2d: 1-2                       [1, 64, 112, 112]         [1, 64, 112, 112]         128                       True
├─ReLU: 1-3                              [1, 64, 112, 112]         [1, 64, 112, 112]         --                        --
├─MaxPool2d: 1-4                         [1, 64, 112, 112]         [1, 64, 56, 56]           --                        --
├─Sequential: 1-5                        [1, 64, 56, 56]           [1, 256, 56, 56]          --                        True
│    └─Bottleneck: 2-1                   [1, 64, 56, 56]           [1, 256, 56, 56]          75,008                    True
│    └─Bottleneck: 2-2                   [1, 256, 56, 56]          [1, 256, 56, 56]          70,400                    True
│    └─Bottleneck: 2-3                   [1, 256, 56, 56]          [1, 256, 56, 56]          70,400                    True
├─Sequential: 1-6                        [1, 256, 56, 56]          [1, 512, 28, 28]          --                        True
│    └─Bottleneck: 2-4                   [1, 256, 56, 56]          [1, 512, 28, 28]          379,392                   True
│    └─Bottleneck: 2-5                   [1, 512, 28, 28]          [1, 512, 28, 28]          280,064                   True
│    └─Bottleneck: 2-6                   [1, 512, 28, 28]          [1, 512, 28, 28]          280,064                   True
│    └─Bottleneck: 2-7                   [1, 512, 28, 28]          [1, 512, 28, 28]          280,064                   True
├─Sequential: 1-7                        [1, 512, 28, 28]          [1, 1024, 14, 14]         --                        True
│    └─Bottleneck: 2-8                   [1, 512, 28, 28]          [1, 1024, 14, 14]         1,512,448                 True
│    └─Bottleneck: 2-9                   [1, 1024, 14, 14]         [1, 1024, 14, 14]         1,117,184                 True
│    └─Bottleneck: 2-10                  [1, 1024, 14, 14]         [1, 1024, 14, 14]         1,117,184                 True
│    └─Bottleneck: 2-11                  [1, 1024, 14, 14]         [1, 1024, 14, 14]         1,117,184                 True
│    └─Bottleneck: 2-12                  [1, 1024, 14, 14]         [1, 1024, 14, 14]         1,117,184                 True
│    └─Bottleneck: 2-13                  [1, 1024, 14, 14]         [1, 1024, 14, 14]         1,117,184                 True
├─Sequential: 1-8                        [1, 1024, 14, 14]         [1, 2048, 7, 7]           --                        True
│    └─Bottleneck: 2-14                  [1, 1024, 14, 14]         [1, 2048, 7, 7]           6,039,552                 True
│    └─Bottleneck: 2-15                  [1, 2048, 7, 7]           [1, 2048, 7, 7]           4,462,592                 True
│    └─Bottleneck: 2-16                  [1, 2048, 7, 7]           [1, 2048, 7, 7]           4,462,592                 True
├─AdaptiveAvgPool2d: 1-9                 [1, 2048, 7, 7]           [1, 2048, 1, 1]           --                        --
├─Linear: 1-10                           [1, 2048]                 [1, 10]                   20,490                    True
============================================================================================================================================
Total params: 23,528,522
Trainable params: 23,528,522
Non-trainable params: 0
Total mult-adds (Units.GIGABYTES): 4.09
============================================================================================================================================
Input size (MB): 0.60
Forward/backward pass size (MB): 177.82
Params size (MB): 94.11
Estimated Total Size (MB): 272.54
============================================================================================================================================

============================================================
1 / 2  —  Baseline ResNet50  (no torch.compile)
============================================================
  0%|          | 0/5 [00:00<?, ?it/s]Epoch 1/5
Train loss: 0.38404 | Train accuracy: 87.95%
 20%|██        | 1/5 [02:09<08:37, 129.41s/it]
Test loss: 0.17391, Test accuracy: 95.52%

Epoch 1 metrics:
Train loss: 0.38404, Train accuracy: 87.9520%
Test loss: 0.17391, Test accuracy: 95.5173%
--------------------------------

Epoch 2/5
Train loss: 0.16144 | Train accuracy: 95.41%
 40%|████      | 2/5 [04:18<06:27, 129.19s/it]
Test loss: 0.15238, Test accuracy: 95.92%

Epoch 2 metrics:
Train loss: 0.16144, Train accuracy: 95.4131%
Test loss: 0.15238, Test accuracy: 95.9216%
--------------------------------

Epoch 3/5
Train loss: 0.11241 | Train accuracy: 96.82%
 60%|██████    | 3/5 [06:27<04:18, 129.14s/it]
Test loss: 0.15907, Test accuracy: 95.80%

Epoch 3 metrics:
Train loss: 0.11241, Train accuracy: 96.8222%
Test loss: 0.15907, Test accuracy: 95.7962%
--------------------------------

Epoch 4/5
Train loss: 0.08150 | Train accuracy: 97.61%
 80%|████████  | 4/5 [08:36<02:09, 129.11s/it]
Test loss: 0.14618, Test accuracy: 96.26%

Epoch 4 metrics:
Train loss: 0.08150, Train accuracy: 97.6146%
Test loss: 0.14618, Test accuracy: 96.2646%
--------------------------------

Epoch 5/5
Train loss: 0.05985 | Train accuracy: 98.21%
100%|██████████| 5/5 [10:45<00:00, 129.08s/it]100%|██████████| 5/5 [10:45<00:00, 129.13s/it]

Test loss: 0.16650, Test accuracy: 95.83%

Epoch 5 metrics:
Train loss: 0.05985, Train accuracy: 98.2102%
Test loss: 0.16650, Test accuracy: 95.8333%
--------------------------------


Baseline total time: 645.63s

============================================================
2 / 2  —  Compiled ResNet50  (torch.compile)
============================================================
Model moved to: cuda
torch.compile() setup: 0.3949s  (JIT compilation is deferred to the first forward pass)
  0%|          | 0/5 [00:00<?, ?it/s]Epoch 1/5
Train loss: 0.38210 | Train accuracy: 88.06%
 20%|██        | 1/5 [02:16<09:04, 136.23s/it]
Test loss: 0.18368, Test accuracy: 95.04%

Epoch 1 metrics:
Train loss: 0.38210, Train accuracy: 88.0650%
Test loss: 0.18368, Test accuracy: 95.0361%
--------------------------------

Epoch 2/5
Train loss: 0.15915 | Train accuracy: 95.47%
 40%|████      | 2/5 [04:07<06:03, 121.29s/it]
Test loss: 0.14426, Test accuracy: 96.17%

Epoch 2 metrics:
Train loss: 0.15915, Train accuracy: 95.4693%
Test loss: 0.14426, Test accuracy: 96.1673%
--------------------------------

Epoch 3/5
Train loss: 0.11261 | Train accuracy: 96.84%
 60%|██████    | 3/5 [05:57<03:52, 116.17s/it]
Test loss: 0.16757, Test accuracy: 95.62%

Epoch 3 metrics:
Train loss: 0.11261, Train accuracy: 96.8448%
Test loss: 0.16757, Test accuracy: 95.6158%
--------------------------------

Epoch 4/5
Train loss: 0.08196 | Train accuracy: 97.58%
 80%|████████  | 4/5 [07:47<01:53, 113.74s/it]
Test loss: 0.15230, Test accuracy: 96.05%

Epoch 4 metrics:
Train loss: 0.08196, Train accuracy: 97.5797%
Test loss: 0.15230, Test accuracy: 96.0496%
--------------------------------

Epoch 5/5
Train loss: 0.06116 | Train accuracy: 98.13%
100%|██████████| 5/5 [09:37<00:00, 112.46s/it]100%|██████████| 5/5 [09:37<00:00, 115.47s/it]

Test loss: 0.15866, Test accuracy: 95.93%

Epoch 5 metrics:
Train loss: 0.06116, Train accuracy: 98.1264%
Test loss: 0.15866, Test accuracy: 95.9344%
--------------------------------


Compiled total time: 577.33s  (includes 0.3949s torch.compile() setup)

============================================================
                         Comparison                         
============================================================
Metric                                Baseline   Compiled
------------------------------------------------------------
Total train+test time (s)               645.63     577.33
Speedup (baseline / compiled)                —       1.12x
Final train accuracy (%)                 98.21      98.13
Final test accuracy  (%)                 95.83      95.93
============================================================

torch.compile is 1.12x FASTER over 5 epochs.
